<?xml version="1.0" encoding="UTF-8"?>
<!-- Generated by org.testng.reporters.JUnitReportReporter -->
<testsuite hostname="DESKTOP-5GVS9MG" failures="0" tests="1" name="FinalHR.TestHR" time="3.703" errors="0" timestamp="2022-03-13T15:09:37 GET" skipped="0">
  <testcase classname="FinalHR.TestHR" name="cvRegistration" time="3.703"/>
  <system-out/>
</testsuite> <!-- FinalHR.TestHR -->
