<?xml version="1.0" encoding="UTF-8"?>
<!-- Generated by org.testng.reporters.JUnitReportReporter -->
<testsuite hostname="DESKTOP-5GVS9MG" failures="0" tests="1" name="FinalHR.AddFavoriteVacancies" time="7.037" errors="0" timestamp="2022-03-24T19:17:29 GET" skipped="0">
  <testcase classname="FinalHR.AddFavoriteVacancies" name="FavoriteVacancies" time="7.037"/>
  <system-out/>
</testsuite> <!-- FinalHR.AddFavoriteVacancies -->
